<?xml version="1.0" encoding="UTF-8"?>
<!-- Generated by org.testng.reporters.JUnitReportReporter -->
<testsuite hostname="LAPTOP-G02ISE2S" failures="0" tests="1" name="basic.OrganizationTest" time="4.191" errors="0" timestamp="2024-03-16T12:21:42 IST" skipped="0">
  <testcase classname="basic.OrganizationTest" name="CreateOrganizationTest" time="4.191"/>
  <system-out/>
</testsuite> <!-- basic.OrganizationTest -->
